<?xml version="1.0" encoding="UTF-8"?>
<!-- Generated by org.testng.reporters.JUnitXMLReporter -->
<testsuite hostname="SIJRAJAN-7410" name="ChromeTest" tests="2" failures="2" timestamp="3 Mar 2024 08:33:19 GMT" time="30.311" errors="0">
  <testcase name="enterLoginCredentials" time="4.768" classname="qa.tests.LoginSampleTests">
    <failure type="java.lang.AssertionError" message="Element not present expected [true] but found [false]">
      <![CDATA[java.lang.AssertionError: Element not present expected [true] but found [false]
	at pageEvents.LoginPageEvents.verifyIfLoginPageIsLoaded(LoginPageEvents.java:14)
	at qa.tests.LoginSampleTests.enterLoginCredentials(LoginSampleTests.java:22)
... Removed 27 stack frames]]>
    </failure>
  </testcase> <!-- enterLoginCredentials -->
  <testcase name="enterLoginCredentials" time="4.349" classname="qa.tests.LoginSampleTests">
    <failure type="java.lang.AssertionError" message="Element not present expected [true] but found [false]">
      <![CDATA[java.lang.AssertionError: Element not present expected [true] but found [false]
	at pageEvents.LoginPageEvents.verifyIfLoginPageIsLoaded(LoginPageEvents.java:14)
	at qa.tests.LoginSampleTests.enterLoginCredentials(LoginSampleTests.java:22)
... Removed 27 stack frames]]>
    </failure>
  </testcase> <!-- enterLoginCredentials -->
</testsuite> <!-- ChromeTest -->
